<?xml version="1.0" encoding="UTF-8"?>
<testng-results ignored="0" total="1" passed="1" failed="0" skipped="0">
  <reporter-output>
  </reporter-output>
  <suite started-at="2022-07-25T23:01:22 IST" name="inetBanking" finished-at="2022-07-25T23:01:40 IST" duration-ms="17972">
    <groups>
    </groups>
    <test started-at="2022-07-25T23:01:22 IST" name="Banking app test" finished-at="2022-07-25T23:01:40 IST" duration-ms="17972">
      <class name="com.inetBanking.testCases.TC_LoginTest">
        <test-method is-config="true" signature="setUp(java.lang.String)[pri:0, instance:com.inetBanking.testCases.TC_LoginTest@3e8c3cb]" started-at="2022-07-25T23:01:23 IST" name="setUp" finished-at="2022-07-25T23:01:35 IST" duration-ms="12431" status="PASS">
          <params>
            <param index="0">
              <value>
                <![CDATA[chrome]]>
              </value>
            </param>
          </params>
          <reporter-output>
          </reporter-output>
        </test-method> <!-- setUp -->
        <test-method signature="loginTest()[pri:0, instance:com.inetBanking.testCases.TC_LoginTest@3e8c3cb]" started-at="2022-07-25T23:01:35 IST" name="loginTest" finished-at="2022-07-25T23:01:39 IST" duration-ms="3619" status="PASS">
          <reporter-output>
          </reporter-output>
        </test-method> <!-- loginTest -->
        <test-method is-config="true" signature="tearDown()[pri:0, instance:com.inetBanking.testCases.TC_LoginTest@3e8c3cb]" started-at="2022-07-25T23:01:39 IST" name="tearDown" finished-at="2022-07-25T23:01:40 IST" duration-ms="1151" status="PASS">
          <reporter-output>
          </reporter-output>
        </test-method> <!-- tearDown -->
      </class> <!-- com.inetBanking.testCases.TC_LoginTest -->
    </test> <!-- Banking app test -->
  </suite> <!-- inetBanking -->
</testng-results>
